\BOOKMARK [0][-]{chapter.1}{\376\377\000R\000e\000q\000u\000i\000r\000e\000m\000e\000n\000t\000s}{}% 1
\BOOKMARK [1][-]{section.1.1}{\376\377\000I\000n\000s\000t\000a\000l\000l\000a\000t\000i\000o\000n\000\040\000o\000f\000\040\000N\000u\000m\000p\000y\000\040\000\046\000\040\000S\000c\000i\000p\000y\000\040\000f\000o\000r\000\040\000M\000a\000y\000a}{chapter.1}% 2
\BOOKMARK [2][-]{subsection.1.1.1}{\376\377\000T\000r\000o\000u\000b\000l\000e\000s\000h\000o\000o\000t\000i\000n\000g}{section.1.1}% 3
\BOOKMARK [0][-]{chapter.2}{\376\377\000I\000n\000s\000t\000a\000l\000l\000a\000t\000i\000o\000n\000\040\000a\000n\000d\000\040\000c\000o\000n\000f\000i\000g\000u\000r\000a\000t\000i\000o\000n\000\040\000o\000f\000\040\000t\000h\000e\000\040\000P\000l\000u\000g\000i\000n}{}% 4
\BOOKMARK [0][-]{chapter.3}{\376\377\000C\000o\000m\000m\000a\000n\000d\000s}{}% 5
\BOOKMARK [1][-]{section.3.1}{\376\377\000a\000d\000j\000u\000s\000t\000A\000x\000i\000s\000D\000i\000r\000e\000c\000t\000i\000o\000n}{chapter.3}% 6
\BOOKMARK [1][-]{section.3.2}{\376\377\000a\000x\000i\000s\000P\000a\000r\000a\000l\000l\000e\000l\000P\000l\000a\000n\000e}{chapter.3}% 7
\BOOKMARK [1][-]{section.3.3}{\376\377\000a\000l\000t\000i\000t\000u\000d\000e\000M\000a\000p}{chapter.3}% 8
\BOOKMARK [1][-]{section.3.4}{\376\377\000a\000l\000i\000g\000n\000O\000b\000j}{chapter.3}% 9
\BOOKMARK [1][-]{section.3.5}{\376\377\000c\000e\000n\000t\000e\000r\000P\000o\000i\000n\000t}{chapter.3}% 10
\BOOKMARK [1][-]{section.3.6}{\376\377\000c\000e\000n\000t\000r\000o\000i\000d\000P\000o\000i\000n\000t}{chapter.3}% 11
\BOOKMARK [1][-]{section.3.7}{\376\377\000c\000l\000e\000a\000n\000u\000p}{chapter.3}% 12
\BOOKMARK [1][-]{section.3.8}{\376\377\000c\000o\000n\000v\000e\000x\000H\000u\000l\000l}{chapter.3}% 13
\BOOKMARK [1][-]{section.3.9}{\376\377\000c\000o\000o\000r\000d\000i\000n\000a\000t\000e\000S\000y\000s\000t\000e\000m}{chapter.3}% 14
\BOOKMARK [1][-]{section.3.10}{\376\377\000d\000e\000l\000a\000u\000n\000a\000y}{chapter.3}% 15
\BOOKMARK [1][-]{section.3.11}{\376\377\000e\000i\000g\000e\000n\000v\000e\000c\000t\000o\000r}{chapter.3}% 16
\BOOKMARK [1][-]{section.3.12}{\376\377\000e\000x\000p\000o\000r\000t\000D\000a\000t\000a}{chapter.3}% 17
\BOOKMARK [1][-]{section.3.13}{\376\377\000f\000i\000n\000d\000T\000u\000b\000e\000F\000a\000c\000e\000s}{chapter.3}% 18
\BOOKMARK [1][-]{section.3.14}{\376\377\000g\000e\000t\000S\000h\000e\000l\000l\000s}{chapter.3}% 19
\BOOKMARK [1][-]{section.3.15}{\376\377\000g\000e\000t\000V\000o\000l\000u\000m\000e}{chapter.3}% 20
\BOOKMARK [1][-]{section.3.16}{\376\377\000i\000n\000t\000e\000r\000s\000e\000c\000t\000i\000o\000n}{chapter.3}% 21
\BOOKMARK [1][-]{section.3.17}{\376\377\000n\000o\000r\000m\000a\000l\000i\000z\000e}{chapter.3}% 22
\BOOKMARK [1][-]{section.3.18}{\376\377\000r\000a\000n\000g\000e\000O\000b\000j}{chapter.3}% 23
\BOOKMARK [1][-]{section.3.19}{\376\377\000v\000h\000a\000c\000d}{chapter.3}% 24
\BOOKMARK [0][-]{chapter.4}{\376\377\000M\000i\000s\000c}{}% 25
\BOOKMARK [1][-]{section.4.1}{\376\377\000c\000o\000l\000l\000i\000s\000i\000o\000n\000\137\000t\000e\000t\000\137\000t\000e\000t}{chapter.4}% 26
\BOOKMARK [1][-]{section.4.2}{\376\377\000i\000n\000t\000e\000r\000s\000e\000c\000t\000i\000o\000n\000\137\000t\000e\000t\000\137\000t\000e\000t}{chapter.4}% 27
\BOOKMARK [1][-]{section.4.3}{\376\377\000m\000i\000s\000c}{chapter.4}% 28
\BOOKMARK [0][-]{chapter.5}{\376\377\000H\000o\000w\000T\000o\000:\000\040\000A\000d\000d\000\040\000n\000e\000w\000\040\000c\000o\000m\000m\000a\000n\000d\000s\000\040\000t\000o\000\040\000p\000l\000u\000g\000i\000n\000\040\000P\000r\000o\000K\000l\000a\000u\000e}{}% 29
\BOOKMARK [0][-]{chapter.6}{\376\377\000I\000n\000d\000i\000c\000e\000s\000\040\000a\000n\000d\000\040\000t\000a\000b\000l\000e\000s}{}% 30
\BOOKMARK [0][-]{section*.59}{\376\377\000P\000y\000t\000h\000o\000n\000\040\000M\000o\000d\000u\000l\000e\000\040\000I\000n\000d\000e\000x}{}% 31
\BOOKMARK [0][-]{section*.60}{\376\377\000I\000n\000d\000e\000x}{}% 32
